 
*********** 16 ***********
 
=====================================================
Optimized Distributed Matrix Multiplication
Matrix Size N: 2000
Number of Processes: 16
Block Size: 16
Execution time: 0.659532
Sum: 8e+15
=====================================================
=====================================================
Optimized Distributed Matrix Multiplication
Matrix Size N: 2000
Number of Processes: 16
Block Size: 16
Execution time: 0.886506
Sum: 8e+15
=====================================================
=====================================================
Optimized Distributed Matrix Multiplication
Matrix Size N: 2000
Number of Processes: 16
Block Size: 16
Execution time: 0.881493
Sum: 8e+15
=====================================================
=====================================================
Optimized Distributed Matrix Multiplication
Matrix Size N: 2000
Number of Processes: 16
Block Size: 16
Execution time: 0.876278
Sum: 8e+15
=====================================================
=====================================================
Optimized Distributed Matrix Multiplication
Matrix Size N: 2000
Number of Processes: 16
Block Size: 16
Execution time: 0.902773
Sum: 8e+15
=====================================================
 
*********** 18 ***********
 
=====================================================
Optimized Distributed Matrix Multiplication
Matrix Size N: 2000
Number of Processes: 16
Block Size: 18
Execution time: 0.573811
Sum: 8e+15
=====================================================
=====================================================
Optimized Distributed Matrix Multiplication
Matrix Size N: 2000
Number of Processes: 16
Block Size: 18
Execution time: 0.966911
Sum: 8e+15
=====================================================
=====================================================
Optimized Distributed Matrix Multiplication
Matrix Size N: 2000
Number of Processes: 16
Block Size: 18
Execution time: 0.781429
Sum: 8e+15
=====================================================
=====================================================
Optimized Distributed Matrix Multiplication
Matrix Size N: 2000
Number of Processes: 16
Block Size: 18
Execution time: 0.766822
Sum: 8e+15
=====================================================
=====================================================
Optimized Distributed Matrix Multiplication
Matrix Size N: 2000
Number of Processes: 16
Block Size: 18
Execution time: 0.754154
Sum: 8e+15
=====================================================
 
*********** 20 ***********
 
=====================================================
Optimized Distributed Matrix Multiplication
Matrix Size N: 2000
Number of Processes: 16
Block Size: 20
Execution time: 0.641531
Sum: 8e+15
=====================================================
=====================================================
Optimized Distributed Matrix Multiplication
Matrix Size N: 2000
Number of Processes: 16
Block Size: 20
Execution time: 0.733604
Sum: 8e+15
=====================================================
=====================================================
Optimized Distributed Matrix Multiplication
Matrix Size N: 2000
Number of Processes: 16
Block Size: 20
Execution time: 0.638987
Sum: 8e+15
=====================================================
=====================================================
Optimized Distributed Matrix Multiplication
Matrix Size N: 2000
Number of Processes: 16
Block Size: 20
Execution time: 0.642276
Sum: 8e+15
=====================================================
=====================================================
Optimized Distributed Matrix Multiplication
Matrix Size N: 2000
Number of Processes: 16
Block Size: 20
Execution time: 0.874538
Sum: 8e+15
=====================================================
 
*********** 22 ***********
 
=====================================================
Optimized Distributed Matrix Multiplication
Matrix Size N: 2000
Number of Processes: 16
Block Size: 22
Execution time: 0.889608
Sum: 8e+15
=====================================================
=====================================================
Optimized Distributed Matrix Multiplication
Matrix Size N: 2000
Number of Processes: 16
Block Size: 22
Execution time: 0.768662
Sum: 8e+15
=====================================================
=====================================================
Optimized Distributed Matrix Multiplication
Matrix Size N: 2000
Number of Processes: 16
Block Size: 22
Execution time: 0.762762
Sum: 8e+15
=====================================================
=====================================================
Optimized Distributed Matrix Multiplication
Matrix Size N: 2000
Number of Processes: 16
Block Size: 22
Execution time: 0.764915
Sum: 8e+15
=====================================================
=====================================================
Optimized Distributed Matrix Multiplication
Matrix Size N: 2000
Number of Processes: 16
Block Size: 22
Execution time: 0.767048
Sum: 8e+15
=====================================================
 
*********** 24 ***********
 
=====================================================
Optimized Distributed Matrix Multiplication
Matrix Size N: 2000
Number of Processes: 16
Block Size: 24
Execution time: 0.70748
Sum: 8e+15
=====================================================
=====================================================
Optimized Distributed Matrix Multiplication
Matrix Size N: 2000
Number of Processes: 16
Block Size: 24
Execution time: 0.582256
Sum: 8e+15
=====================================================
=====================================================
Optimized Distributed Matrix Multiplication
Matrix Size N: 2000
Number of Processes: 16
Block Size: 24
Execution time: 0.596699
Sum: 8e+15
=====================================================
=====================================================
Optimized Distributed Matrix Multiplication
Matrix Size N: 2000
Number of Processes: 16
Block Size: 24
Execution time: 0.589935
Sum: 8e+15
=====================================================
=====================================================
Optimized Distributed Matrix Multiplication
Matrix Size N: 2000
Number of Processes: 16
Block Size: 24
Execution time: 0.592004
Sum: 8e+15
=====================================================
 
*********** 26 ***********
 
=====================================================
Optimized Distributed Matrix Multiplication
Matrix Size N: 2000
Number of Processes: 16
Block Size: 26
Execution time: 0.59886
Sum: 8e+15
=====================================================
=====================================================
Optimized Distributed Matrix Multiplication
Matrix Size N: 2000
Number of Processes: 16
Block Size: 26
Execution time: 0.592587
Sum: 8e+15
=====================================================
=====================================================
Optimized Distributed Matrix Multiplication
Matrix Size N: 2000
Number of Processes: 16
Block Size: 26
Execution time: 0.587441
Sum: 8e+15
=====================================================
=====================================================
Optimized Distributed Matrix Multiplication
Matrix Size N: 2000
Number of Processes: 16
Block Size: 26
Execution time: 0.590402
Sum: 8e+15
=====================================================
=====================================================
Optimized Distributed Matrix Multiplication
Matrix Size N: 2000
Number of Processes: 16
Block Size: 26
Execution time: 0.590135
Sum: 8e+15
=====================================================
 
*********** 28 ***********
 
=====================================================
Optimized Distributed Matrix Multiplication
Matrix Size N: 2000
Number of Processes: 16
Block Size: 28
Execution time: 0.598889
Sum: 8e+15
=====================================================
=====================================================
Optimized Distributed Matrix Multiplication
Matrix Size N: 2000
Number of Processes: 16
Block Size: 28
Execution time: 0.604588
Sum: 8e+15
=====================================================
=====================================================
Optimized Distributed Matrix Multiplication
Matrix Size N: 2000
Number of Processes: 16
Block Size: 28
Execution time: 0.607543
Sum: 8e+15
=====================================================
=====================================================
Optimized Distributed Matrix Multiplication
Matrix Size N: 2000
Number of Processes: 16
Block Size: 28
Execution time: 0.615725
Sum: 8e+15
=====================================================
=====================================================
Optimized Distributed Matrix Multiplication
Matrix Size N: 2000
Number of Processes: 16
Block Size: 28
Execution time: 0.610289
Sum: 8e+15
=====================================================
 
*********** 30 ***********
 
=====================================================
Optimized Distributed Matrix Multiplication
Matrix Size N: 2000
Number of Processes: 16
Block Size: 30
Execution time: 0.607792
Sum: 8e+15
=====================================================
=====================================================
Optimized Distributed Matrix Multiplication
Matrix Size N: 2000
Number of Processes: 16
Block Size: 30
Execution time: 0.614533
Sum: 8e+15
=====================================================
=====================================================
Optimized Distributed Matrix Multiplication
Matrix Size N: 2000
Number of Processes: 16
Block Size: 30
Execution time: 0.615816
Sum: 8e+15
=====================================================
=====================================================
Optimized Distributed Matrix Multiplication
Matrix Size N: 2000
Number of Processes: 16
Block Size: 30
Execution time: 0.612048
Sum: 8e+15
=====================================================
=====================================================
Optimized Distributed Matrix Multiplication
Matrix Size N: 2000
Number of Processes: 16
Block Size: 30
Execution time: 0.611259
Sum: 8e+15
=====================================================
 
*********** 32 ***********
 
=====================================================
Optimized Distributed Matrix Multiplication
Matrix Size N: 2000
Number of Processes: 16
Block Size: 32
Execution time: 0.607993
Sum: 8e+15
=====================================================
=====================================================
Optimized Distributed Matrix Multiplication
Matrix Size N: 2000
Number of Processes: 16
Block Size: 32
Execution time: 0.619255
Sum: 8e+15
=====================================================
=====================================================
Optimized Distributed Matrix Multiplication
Matrix Size N: 2000
Number of Processes: 16
Block Size: 32
Execution time: 0.85233
Sum: 8e+15
=====================================================
=====================================================
Optimized Distributed Matrix Multiplication
Matrix Size N: 2000
Number of Processes: 16
Block Size: 32
Execution time: 0.917861
Sum: 8e+15
=====================================================
=====================================================
Optimized Distributed Matrix Multiplication
Matrix Size N: 2000
Number of Processes: 16
Block Size: 32
Execution time: 0.616178
Sum: 8e+15
=====================================================
